<?xml version="1.0" encoding="UTF-8"?>
<testng-results skipped="0" failed="0" total="2" passed="2">
  <reporter-output>
  </reporter-output>
  <suite name="Suite" duration-ms="7596" started-at="2021-07-27T06:32:03Z" finished-at="2021-07-27T06:32:11Z">
    <groups>
    </groups>
    <test name="Test" duration-ms="7596" started-at="2021-07-27T06:32:03Z" finished-at="2021-07-27T06:32:11Z">
      <class name="test.FirstTestNgClass">
        <test-method status="PASS" signature="setup()[pri:0, instance:test.FirstTestNgClass@4f933fd1]" name="setup" duration-ms="6654" started-at="2021-07-27T12:02:03Z" finished-at="2021-07-27T12:02:10Z">
          <reporter-output>
          </reporter-output>
        </test-method> <!-- setup -->
        <test-method status="PASS" signature="getTitle()[pri:0, instance:test.FirstTestNgClass@4f933fd1]" name="getTitle" duration-ms="924" started-at="2021-07-27T12:02:10Z" finished-at="2021-07-27T12:02:11Z">
          <reporter-output>
          </reporter-output>
        </test-method> <!-- getTitle -->
      </class> <!-- test.FirstTestNgClass -->
    </test> <!-- Test -->
  </suite> <!-- Suite -->
</testng-results>
