<?xml version="1.0" encoding="UTF-8"?>
<testng-results skipped="0" failed="0" total="2" passed="2">
  <reporter-output>
  </reporter-output>
  <suite name="Default suite" duration-ms="6027" started-at="2021-07-27T06:24:57Z" finished-at="2021-07-27T06:25:03Z">
    <groups>
    </groups>
    <test name="Default test" duration-ms="6027" started-at="2021-07-27T06:24:57Z" finished-at="2021-07-27T06:25:03Z">
      <class name="FirstTestNgClass">
        <test-method status="PASS" signature="setup()[pri:0, instance:FirstTestNgClass@4f933fd1]" name="setup" duration-ms="5801" started-at="2021-07-27T11:54:57Z" finished-at="2021-07-27T11:55:03Z">
          <reporter-output>
          </reporter-output>
        </test-method> <!-- setup -->
        <test-method status="PASS" signature="getTitle()[pri:0, instance:FirstTestNgClass@4f933fd1]" name="getTitle" duration-ms="208" started-at="2021-07-27T11:55:03Z" finished-at="2021-07-27T11:55:03Z">
          <reporter-output>
          </reporter-output>
        </test-method> <!-- getTitle -->
      </class> <!-- FirstTestNgClass -->
    </test> <!-- Default test -->
  </suite> <!-- Default suite -->
</testng-results>
